  [1m[35m (0.1ms)[0m  [1m[34mSELECT pg_try_advisory_lock(2392004220659158560);[0m
  [1m[36mActiveRecord::SchemaMigration Load (0.4ms)[0m  [1m[34mSELECT "schema_migrations".* FROM "schema_migrations"[0m
Migrating to CreateDocuments (20171026050810)
  [1m[35m (0.1ms)[0m  [1m[35mBEGIN[0m
  [1m[35m (9.5ms)[0m  [1m[35mCREATE TABLE "documents" ("id" serial primary key, "title" character varying, "text" text)[0m
  [1m[35mSQL (0.6ms)[0m  [1m[32mINSERT INTO "schema_migrations" ("version") VALUES ($1) RETURNING "version"[0m  [["version", "20171026050810"]]
  [1m[35m (2.6ms)[0m  [1m[35mCOMMIT[0m
Migrating to AddGroupToDocuments (20171026051825)
  [1m[35m (0.1ms)[0m  [1m[35mBEGIN[0m
  [1m[35m (0.3ms)[0m  [1m[35mALTER TABLE "documents" ADD "group_id" integer[0m
  [1m[35m (3.7ms)[0m  [1m[35mCREATE  INDEX  "index_documents_on_group_id" ON "documents"  ("group_id")[0m
  [1m[35m (1.5ms)[0m  [1m[35mALTER TABLE "documents" ADD CONSTRAINT "fk_rails_e36d835348"
FOREIGN KEY ("group_id")
  REFERENCES "groups" ("id")
[0m
  [1m[35mSQL (0.3ms)[0m  [1m[32mINSERT INTO "schema_migrations" ("version") VALUES ($1) RETURNING "version"[0m  [["version", "20171026051825"]]
  [1m[35m (2.0ms)[0m  [1m[35mCOMMIT[0m
  [1m[36mActiveRecord::InternalMetadata Load (0.4ms)[0m  [1m[34mSELECT  "ar_internal_metadata".* FROM "ar_internal_metadata" WHERE "ar_internal_metadata"."key" = $1 LIMIT $2[0m  [["key", "environment"], ["LIMIT", 1]]
  [1m[35m (0.2ms)[0m  [1m[35mBEGIN[0m
  [1m[35m (0.1ms)[0m  [1m[35mCOMMIT[0m
  [1m[35m (0.3ms)[0m  [1m[34mSELECT pg_advisory_unlock(2392004220659158560)[0m
  [1m[36mActiveRecord::SchemaMigration Load (0.2ms)[0m  [1m[34mSELECT "schema_migrations".* FROM "schema_migrations"[0m
